-- Install configuration: ""
-- Up-to-date: /home/gungardaa/ros2_ws/install/sam_bot_description/share/sam_bot_description/launch
-- Up-to-date: /home/gungardaa/ros2_ws/install/sam_bot_description/share/sam_bot_description/launch/display.launch.py
-- Up-to-date: /home/gungardaa/ros2_ws/install/sam_bot_description/share/sam_bot_description/rviz
-- Up-to-date: /home/gungardaa/ros2_ws/install/sam_bot_description/share/sam_bot_description/rviz/navigation.rviz
-- Up-to-date: /home/gungardaa/ros2_ws/install/sam_bot_description/share/sam_bot_description/rviz/urdf_config.rviz
-- Up-to-date: /home/gungardaa/ros2_ws/install/sam_bot_description/share/sam_bot_description/config
-- Up-to-date: /home/gungardaa/ros2_ws/install/sam_bot_description/share/sam_bot_description/config/localization
-- Up-to-date: /home/gungardaa/ros2_ws/install/sam_bot_description/share/sam_bot_description/config/localization/online_async_slam.yaml
-- Up-to-date: /home/gungardaa/ros2_ws/install/sam_bot_description/share/sam_bot_description/config/localization/ekf.yaml
-- Up-to-date: /home/gungardaa/ros2_ws/install/sam_bot_description/share/sam_bot_description/config/nav2_params.yaml
-- Up-to-date: /home/gungardaa/ros2_ws/install/sam_bot_description/share/sam_bot_description/worlds
-- Up-to-date: /home/gungardaa/ros2_ws/install/sam_bot_description/share/sam_bot_description/worlds/my_world.sdf
-- Up-to-date: /home/gungardaa/ros2_ws/install/sam_bot_description/share/sam_bot_description/models
-- Up-to-date: /home/gungardaa/ros2_ws/install/sam_bot_description/share/sam_bot_description/models/lapangan
-- Up-to-date: /home/gungardaa/ros2_ws/install/sam_bot_description/share/sam_bot_description/models/lapangan/meshes
-- Up-to-date: /home/gungardaa/ros2_ws/install/sam_bot_description/share/sam_bot_description/models/lapangan/meshes/lapangan.dae
-- Up-to-date: /home/gungardaa/ros2_ws/install/sam_bot_description/share/sam_bot_description/models/lapangan/lapangan.sdf
-- Up-to-date: /home/gungardaa/ros2_ws/install/sam_bot_description/share/sam_bot_description/models/lapangan/model.config
-- Up-to-date: /home/gungardaa/ros2_ws/install/sam_bot_description/share/sam_bot_description/src
-- Up-to-date: /home/gungardaa/ros2_ws/install/sam_bot_description/share/sam_bot_description/src/description
-- Up-to-date: /home/gungardaa/ros2_ws/install/sam_bot_description/share/sam_bot_description/src/description/sam_bot_description.urdf
-- Up-to-date: /home/gungardaa/ros2_ws/install/sam_bot_description/share/sam_bot_description/maps
-- Up-to-date: /home/gungardaa/ros2_ws/install/sam_bot_description/share/sam_bot_description/maps/mapku.posegraph
-- Up-to-date: /home/gungardaa/ros2_ws/install/sam_bot_description/share/sam_bot_description/maps/mapku.data
-- Up-to-date: /home/gungardaa/ros2_ws/install/sam_bot_description/share/sam_bot_description/maps/mapkuh.pgm
-- Up-to-date: /home/gungardaa/ros2_ws/install/sam_bot_description/share/sam_bot_description/maps/mapkuh.yaml
-- Up-to-date: /home/gungardaa/ros2_ws/install/sam_bot_description/share/sam_bot_description/environment/sam_bot_description.dsv
-- Up-to-date: /home/gungardaa/ros2_ws/install/sam_bot_description/share/sam_bot_description/environment/sam_bot_description.sh
-- Up-to-date: /home/gungardaa/ros2_ws/install/sam_bot_description/share/ament_index/resource_index/package_run_dependencies/sam_bot_description
-- Up-to-date: /home/gungardaa/ros2_ws/install/sam_bot_description/share/ament_index/resource_index/parent_prefix_path/sam_bot_description
-- Up-to-date: /home/gungardaa/ros2_ws/install/sam_bot_description/share/sam_bot_description/environment/ament_prefix_path.sh
-- Up-to-date: /home/gungardaa/ros2_ws/install/sam_bot_description/share/sam_bot_description/environment/ament_prefix_path.dsv
-- Up-to-date: /home/gungardaa/ros2_ws/install/sam_bot_description/share/sam_bot_description/environment/path.sh
-- Up-to-date: /home/gungardaa/ros2_ws/install/sam_bot_description/share/sam_bot_description/environment/path.dsv
-- Up-to-date: /home/gungardaa/ros2_ws/install/sam_bot_description/share/sam_bot_description/local_setup.bash
-- Up-to-date: /home/gungardaa/ros2_ws/install/sam_bot_description/share/sam_bot_description/local_setup.sh
-- Up-to-date: /home/gungardaa/ros2_ws/install/sam_bot_description/share/sam_bot_description/local_setup.zsh
-- Up-to-date: /home/gungardaa/ros2_ws/install/sam_bot_description/share/sam_bot_description/local_setup.dsv
-- Up-to-date: /home/gungardaa/ros2_ws/install/sam_bot_description/share/sam_bot_description/package.dsv
-- Up-to-date: /home/gungardaa/ros2_ws/install/sam_bot_description/share/ament_index/resource_index/packages/sam_bot_description
-- Up-to-date: /home/gungardaa/ros2_ws/install/sam_bot_description/share/sam_bot_description/cmake/sam_bot_descriptionConfig.cmake
-- Up-to-date: /home/gungardaa/ros2_ws/install/sam_bot_description/share/sam_bot_description/cmake/sam_bot_descriptionConfig-version.cmake
-- Up-to-date: /home/gungardaa/ros2_ws/install/sam_bot_description/share/sam_bot_description/package.xml
