[0.020s] Invoking command in '/home/gungardaa/ros2_ws/build/sam_bot_description': CMAKE_PREFIX_PATH=${CMAKE_PREFIX_PATH}:/opt/ros/humble /usr/bin/cmake --build /home/gungardaa/ros2_ws/build/sam_bot_description -- -j16 -l16
[0.097s] Invoked command in '/home/gungardaa/ros2_ws/build/sam_bot_description' returned '0': CMAKE_PREFIX_PATH=${CMAKE_PREFIX_PATH}:/opt/ros/humble /usr/bin/cmake --build /home/gungardaa/ros2_ws/build/sam_bot_description -- -j16 -l16
[0.161s] Invoking command in '/home/gungardaa/ros2_ws/build/sam_bot_description': CMAKE_PREFIX_PATH=${CMAKE_PREFIX_PATH}:/opt/ros/humble /usr/bin/cmake --install /home/gungardaa/ros2_ws/build/sam_bot_description
[0.176s] -- Install configuration: ""
[0.176s] -- Up-to-date: /home/gungardaa/ros2_ws/install/sam_bot_description/share/sam_bot_description/launch
[0.177s] -- Up-to-date: /home/gungardaa/ros2_ws/install/sam_bot_description/share/sam_bot_description/launch/display.launch.py
[0.177s] -- Up-to-date: /home/gungardaa/ros2_ws/install/sam_bot_description/share/sam_bot_description/rviz
[0.177s] -- Up-to-date: /home/gungardaa/ros2_ws/install/sam_bot_description/share/sam_bot_description/rviz/navigation.rviz
[0.177s] -- Up-to-date: /home/gungardaa/ros2_ws/install/sam_bot_description/share/sam_bot_description/rviz/urdf_config.rviz
[0.177s] -- Up-to-date: /home/gungardaa/ros2_ws/install/sam_bot_description/share/sam_bot_description/config
[0.178s] -- Up-to-date: /home/gungardaa/ros2_ws/install/sam_bot_description/share/sam_bot_description/config/localization
[0.178s] -- Up-to-date: /home/gungardaa/ros2_ws/install/sam_bot_description/share/sam_bot_description/config/localization/online_async_slam.yaml
[0.178s] -- Up-to-date: /home/gungardaa/ros2_ws/install/sam_bot_description/share/sam_bot_description/config/localization/ekf.yaml
[0.178s] -- Up-to-date: /home/gungardaa/ros2_ws/install/sam_bot_description/share/sam_bot_description/config/nav2_params.yaml
[0.178s] -- Up-to-date: /home/gungardaa/ros2_ws/install/sam_bot_description/share/sam_bot_description/worlds
[0.178s] -- Up-to-date: /home/gungardaa/ros2_ws/install/sam_bot_description/share/sam_bot_description/worlds/my_world.sdf
[0.179s] -- Up-to-date: /home/gungardaa/ros2_ws/install/sam_bot_description/share/sam_bot_description/models
[0.179s] -- Up-to-date: /home/gungardaa/ros2_ws/install/sam_bot_description/share/sam_bot_description/models/lapangan
[0.179s] -- Up-to-date: /home/gungardaa/ros2_ws/install/sam_bot_description/share/sam_bot_description/models/lapangan/meshes
[0.179s] -- Up-to-date: /home/gungardaa/ros2_ws/install/sam_bot_description/share/sam_bot_description/models/lapangan/meshes/lapangan.dae
[0.179s] -- Up-to-date: /home/gungardaa/ros2_ws/install/sam_bot_description/share/sam_bot_description/models/lapangan/lapangan.sdf
[0.179s] -- Up-to-date: /home/gungardaa/ros2_ws/install/sam_bot_description/share/sam_bot_description/models/lapangan/model.config
[0.179s] -- Up-to-date: /home/gungardaa/ros2_ws/install/sam_bot_description/share/sam_bot_description/src
[0.180s] -- Up-to-date: /home/gungardaa/ros2_ws/install/sam_bot_description/share/sam_bot_description/src/description
[0.180s] -- Up-to-date: /home/gungardaa/ros2_ws/install/sam_bot_description/share/sam_bot_description/src/description/sam_bot_description.urdf
[0.180s] -- Up-to-date: /home/gungardaa/ros2_ws/install/sam_bot_description/share/sam_bot_description/maps
[0.180s] -- Up-to-date: /home/gungardaa/ros2_ws/install/sam_bot_description/share/sam_bot_description/maps/mapku.posegraph
[0.180s] -- Up-to-date: /home/gungardaa/ros2_ws/install/sam_bot_description/share/sam_bot_description/maps/mapku.data
[0.180s] -- Up-to-date: /home/gungardaa/ros2_ws/install/sam_bot_description/share/sam_bot_description/maps/mapkuh.pgm
[0.180s] -- Up-to-date: /home/gungardaa/ros2_ws/install/sam_bot_description/share/sam_bot_description/maps/mapkuh.yaml
[0.180s] -- Up-to-date: /home/gungardaa/ros2_ws/install/sam_bot_description/share/sam_bot_description/environment/sam_bot_description.dsv
[0.181s] -- Up-to-date: /home/gungardaa/ros2_ws/install/sam_bot_description/share/sam_bot_description/environment/sam_bot_description.sh
[0.181s] -- Up-to-date: /home/gungardaa/ros2_ws/install/sam_bot_description/share/ament_index/resource_index/package_run_dependencies/sam_bot_description
[0.181s] -- Up-to-date: /home/gungardaa/ros2_ws/install/sam_bot_description/share/ament_index/resource_index/parent_prefix_path/sam_bot_description
[0.181s] -- Up-to-date: /home/gungardaa/ros2_ws/install/sam_bot_description/share/sam_bot_description/environment/ament_prefix_path.sh
[0.181s] -- Up-to-date: /home/gungardaa/ros2_ws/install/sam_bot_description/share/sam_bot_description/environment/ament_prefix_path.dsv
[0.181s] -- Up-to-date: /home/gungardaa/ros2_ws/install/sam_bot_description/share/sam_bot_description/environment/path.sh
[0.181s] -- Up-to-date: /home/gungardaa/ros2_ws/install/sam_bot_description/share/sam_bot_description/environment/path.dsv
[0.182s] -- Up-to-date: /home/gungardaa/ros2_ws/install/sam_bot_description/share/sam_bot_description/local_setup.bash
[0.182s] -- Up-to-date: /home/gungardaa/ros2_ws/install/sam_bot_description/share/sam_bot_description/local_setup.sh
[0.182s] -- Up-to-date: /home/gungardaa/ros2_ws/install/sam_bot_description/share/sam_bot_description/local_setup.zsh
[0.182s] -- Up-to-date: /home/gungardaa/ros2_ws/install/sam_bot_description/share/sam_bot_description/local_setup.dsv
[0.182s] -- Up-to-date: /home/gungardaa/ros2_ws/install/sam_bot_description/share/sam_bot_description/package.dsv
[0.182s] -- Up-to-date: /home/gungardaa/ros2_ws/install/sam_bot_description/share/ament_index/resource_index/packages/sam_bot_description
[0.183s] -- Up-to-date: /home/gungardaa/ros2_ws/install/sam_bot_description/share/sam_bot_description/cmake/sam_bot_descriptionConfig.cmake
[0.183s] -- Up-to-date: /home/gungardaa/ros2_ws/install/sam_bot_description/share/sam_bot_description/cmake/sam_bot_descriptionConfig-version.cmake
[0.183s] -- Up-to-date: /home/gungardaa/ros2_ws/install/sam_bot_description/share/sam_bot_description/package.xml
[0.185s] Invoked command in '/home/gungardaa/ros2_ws/build/sam_bot_description' returned '0': CMAKE_PREFIX_PATH=${CMAKE_PREFIX_PATH}:/opt/ros/humble /usr/bin/cmake --install /home/gungardaa/ros2_ws/build/sam_bot_description
