[0.022s] Invoking command in '/home/gungardaa/ros2_ws/build/sam_bot_description': CMAKE_PREFIX_PATH=${CMAKE_PREFIX_PATH}:/opt/ros/humble /usr/bin/cmake /home/gungardaa/ros2_ws/src/sam_bot_description -DCMAKE_INSTALL_PREFIX=/home/gungardaa/ros2_ws/install/sam_bot_description
[0.140s] -- The C compiler identification is GNU 11.4.0
[0.283s] -- The CXX compiler identification is GNU 11.4.0
[0.300s] -- Detecting C compiler ABI info
[0.482s] -- Detecting C compiler ABI info - done
[0.495s] -- Check for working C compiler: /usr/bin/cc - skipped
[0.495s] -- Detecting C compile features
[0.496s] -- Detecting C compile features - done
[0.501s] -- Detecting CXX compiler ABI info
[0.671s] -- Detecting CXX compiler ABI info - done
[0.684s] -- Check for working CXX compiler: /usr/bin/c++ - skipped
[0.684s] -- Detecting CXX compile features
[0.685s] -- Detecting CXX compile features - done
[0.690s] -- Found ament_cmake: 1.3.10 (/opt/ros/humble/share/ament_cmake/cmake)
[0.993s] -- Found Python3: /usr/bin/python3 (found version "3.10.12") found components: Interpreter 
[1.148s] -- Found ament_lint_auto: 0.12.11 (/opt/ros/humble/share/ament_lint_auto/cmake)
[1.283s] -- Added test 'flake8' to check Python code syntax and style conventions
[1.284s] -- Added test 'lint_cmake' to check CMake code style
[1.286s] -- Added test 'pep257' to check Python code against some of the docstring style conventions in PEP 257
[1.291s] -- Added test 'xmllint' to check XML markup files
[1.293s] -- Configuring done
[1.299s] -- Generating done
[1.301s] -- Build files have been written to: /home/gungardaa/ros2_ws/build/sam_bot_description
[1.308s] Invoked command in '/home/gungardaa/ros2_ws/build/sam_bot_description' returned '0': CMAKE_PREFIX_PATH=${CMAKE_PREFIX_PATH}:/opt/ros/humble /usr/bin/cmake /home/gungardaa/ros2_ws/src/sam_bot_description -DCMAKE_INSTALL_PREFIX=/home/gungardaa/ros2_ws/install/sam_bot_description
[1.312s] Invoking command in '/home/gungardaa/ros2_ws/build/sam_bot_description': CMAKE_PREFIX_PATH=${CMAKE_PREFIX_PATH}:/opt/ros/humble /usr/bin/cmake --build /home/gungardaa/ros2_ws/build/sam_bot_description -- -j16 -l16
[1.388s] Invoked command in '/home/gungardaa/ros2_ws/build/sam_bot_description' returned '0': CMAKE_PREFIX_PATH=${CMAKE_PREFIX_PATH}:/opt/ros/humble /usr/bin/cmake --build /home/gungardaa/ros2_ws/build/sam_bot_description -- -j16 -l16
[1.456s] Invoking command in '/home/gungardaa/ros2_ws/build/sam_bot_description': CMAKE_PREFIX_PATH=${CMAKE_PREFIX_PATH}:/opt/ros/humble /usr/bin/cmake --install /home/gungardaa/ros2_ws/build/sam_bot_description
[1.470s] -- Install configuration: ""
[1.470s] -- Installing: /home/gungardaa/ros2_ws/install/sam_bot_description/share/sam_bot_description/launch
[1.470s] -- Installing: /home/gungardaa/ros2_ws/install/sam_bot_description/share/sam_bot_description/launch/display.launch.py
[1.470s] -- Installing: /home/gungardaa/ros2_ws/install/sam_bot_description/share/sam_bot_description/rviz
[1.471s] -- Installing: /home/gungardaa/ros2_ws/install/sam_bot_description/share/sam_bot_description/rviz/navigation.rviz
[1.471s] -- Installing: /home/gungardaa/ros2_ws/install/sam_bot_description/share/sam_bot_description/rviz/urdf_config.rviz
[1.471s] -- Installing: /home/gungardaa/ros2_ws/install/sam_bot_description/share/sam_bot_description/config
[1.471s] -- Installing: /home/gungardaa/ros2_ws/install/sam_bot_description/share/sam_bot_description/config/localization
[1.471s] -- Installing: /home/gungardaa/ros2_ws/install/sam_bot_description/share/sam_bot_description/config/localization/online_async_slam.yaml
[1.471s] -- Installing: /home/gungardaa/ros2_ws/install/sam_bot_description/share/sam_bot_description/config/localization/ekf.yaml
[1.472s] -- Installing: /home/gungardaa/ros2_ws/install/sam_bot_description/share/sam_bot_description/config/nav2_params.yaml
[1.472s] -- Installing: /home/gungardaa/ros2_ws/install/sam_bot_description/share/sam_bot_description/worlds
[1.472s] -- Installing: /home/gungardaa/ros2_ws/install/sam_bot_description/share/sam_bot_description/worlds/my_world.sdf
[1.472s] -- Installing: /home/gungardaa/ros2_ws/install/sam_bot_description/share/sam_bot_description/models
[1.472s] -- Installing: /home/gungardaa/ros2_ws/install/sam_bot_description/share/sam_bot_description/models/lapangan
[1.473s] -- Installing: /home/gungardaa/ros2_ws/install/sam_bot_description/share/sam_bot_description/models/lapangan/meshes
[1.473s] -- Installing: /home/gungardaa/ros2_ws/install/sam_bot_description/share/sam_bot_description/models/lapangan/meshes/lapangan.dae
[1.488s] -- Installing: /home/gungardaa/ros2_ws/install/sam_bot_description/share/sam_bot_description/models/lapangan/lapangan.sdf
[1.489s] -- Installing: /home/gungardaa/ros2_ws/install/sam_bot_description/share/sam_bot_description/models/lapangan/model.config
[1.489s] -- Installing: /home/gungardaa/ros2_ws/install/sam_bot_description/share/sam_bot_description/src
[1.489s] -- Installing: /home/gungardaa/ros2_ws/install/sam_bot_description/share/sam_bot_description/src/description
[1.489s] -- Installing: /home/gungardaa/ros2_ws/install/sam_bot_description/share/sam_bot_description/src/description/sam_bot_description.urdf
[1.489s] -- Installing: /home/gungardaa/ros2_ws/install/sam_bot_description/share/sam_bot_description/maps
[1.489s] -- Installing: /home/gungardaa/ros2_ws/install/sam_bot_description/share/sam_bot_description/maps/mapku.posegraph
[1.540s] -- Installing: /home/gungardaa/ros2_ws/install/sam_bot_description/share/sam_bot_description/maps/mapku.data
[1.541s] -- Installing: /home/gungardaa/ros2_ws/install/sam_bot_description/share/sam_bot_description/maps/mapkuh.pgm
[1.541s] -- Installing: /home/gungardaa/ros2_ws/install/sam_bot_description/share/sam_bot_description/maps/mapkuh.yaml
[1.541s] -- Installing: /home/gungardaa/ros2_ws/install/sam_bot_description/share/sam_bot_description/environment/sam_bot_description.dsv
[1.542s] -- Installing: /home/gungardaa/ros2_ws/install/sam_bot_description/share/sam_bot_description/environment/sam_bot_description.sh
[1.542s] -- Installing: /home/gungardaa/ros2_ws/install/sam_bot_description/share/ament_index/resource_index/package_run_dependencies/sam_bot_description
[1.542s] -- Installing: /home/gungardaa/ros2_ws/install/sam_bot_description/share/ament_index/resource_index/parent_prefix_path/sam_bot_description
[1.543s] -- Installing: /home/gungardaa/ros2_ws/install/sam_bot_description/share/sam_bot_description/environment/ament_prefix_path.sh
[1.543s] -- Installing: /home/gungardaa/ros2_ws/install/sam_bot_description/share/sam_bot_description/environment/ament_prefix_path.dsv
[1.543s] -- Installing: /home/gungardaa/ros2_ws/install/sam_bot_description/share/sam_bot_description/environment/path.sh
[1.544s] -- Installing: /home/gungardaa/ros2_ws/install/sam_bot_description/share/sam_bot_description/environment/path.dsv
[1.544s] -- Installing: /home/gungardaa/ros2_ws/install/sam_bot_description/share/sam_bot_description/local_setup.bash
[1.544s] -- Installing: /home/gungardaa/ros2_ws/install/sam_bot_description/share/sam_bot_description/local_setup.sh
[1.544s] -- Installing: /home/gungardaa/ros2_ws/install/sam_bot_description/share/sam_bot_description/local_setup.zsh
[1.545s] -- Installing: /home/gungardaa/ros2_ws/install/sam_bot_description/share/sam_bot_description/local_setup.dsv
[1.545s] -- Installing: /home/gungardaa/ros2_ws/install/sam_bot_description/share/sam_bot_description/package.dsv
[1.545s] -- Installing: /home/gungardaa/ros2_ws/install/sam_bot_description/share/ament_index/resource_index/packages/sam_bot_description
[1.545s] -- Installing: /home/gungardaa/ros2_ws/install/sam_bot_description/share/sam_bot_description/cmake/sam_bot_descriptionConfig.cmake
[1.546s] -- Installing: /home/gungardaa/ros2_ws/install/sam_bot_description/share/sam_bot_description/cmake/sam_bot_descriptionConfig-version.cmake
[1.546s] -- Installing: /home/gungardaa/ros2_ws/install/sam_bot_description/share/sam_bot_description/package.xml
[1.551s] Invoked command in '/home/gungardaa/ros2_ws/build/sam_bot_description' returned '0': CMAKE_PREFIX_PATH=${CMAKE_PREFIX_PATH}:/opt/ros/humble /usr/bin/cmake --install /home/gungardaa/ros2_ws/build/sam_bot_description
